2016-11-15T12:53:25.310Z - [32minfo[39m: Listening on port 8888
2016-11-15T12:53:25.325Z - [32minfo[39m: Init Default user
2016-11-15T12:53:25.480Z - [32minfo[39m: Start harvi
2016-11-15T12:53:25.482Z - [34mdebug[39m: Config loaded undefined
2016-11-15T12:53:25.484Z - [34mdebug[39m: 
2016-11-15T12:55:00.815Z - [32minfo[39m: Listening on port 8888
2016-11-15T12:55:00.820Z - [32minfo[39m: Init Default user
2016-11-15T12:55:01.137Z - [32minfo[39m: Start harvi
2016-11-15T12:55:01.140Z - [34mdebug[39m: Config loaded undefined
2016-11-15T12:55:01.141Z - [34mdebug[39m: 
2016-11-15T12:58:17.132Z - [32minfo[39m: Listening on port 8888
2016-11-15T12:58:17.139Z - [32minfo[39m: Init Default user
2016-11-15T12:58:17.961Z - [32minfo[39m: Start harvi
2016-11-15T12:58:17.968Z - [34mdebug[39m: Config loaded undefined
2016-11-15T12:58:17.993Z - [34mdebug[39m: 
2016-11-15T13:37:08.525Z - [32minfo[39m: Listening on port 8888
2016-11-15T13:37:08.542Z - [32minfo[39m: Init Default user
2016-11-15T13:37:08.669Z - [32minfo[39m: Start harvi
2016-11-15T13:37:08.672Z - [34mdebug[39m: Config loaded undefined
2016-11-15T13:37:08.673Z - [34mdebug[39m: 
2016-11-15T13:44:22.132Z - [32minfo[39m: Listening on port 8888
2016-11-15T13:44:22.136Z - [32minfo[39m: Init Default user
2016-11-15T13:44:22.302Z - [32minfo[39m: Start harvi
2016-11-15T13:44:22.493Z - [34mdebug[39m: Config loaded undefined
2016-11-15T13:44:22.510Z - [34mdebug[39m: 
2016-11-16T17:59:12.929Z - [32minfo[39m: Listening on port 8888
2016-11-16T18:02:30.402Z - [32minfo[39m: Listening on port 8888
2016-11-16T18:02:30.405Z - [32minfo[39m: Init Default user
2016-11-16T18:02:30.471Z - [32minfo[39m: Start harvi
2016-11-16T18:02:30.532Z - [34mdebug[39m: Config loaded undefined
2016-11-16T18:02:30.547Z - [34mdebug[39m: 
2016-11-16T18:07:16.011Z - [32minfo[39m: Listening on port 8888
2016-11-16T18:07:16.015Z - [32minfo[39m: Init Default user
2016-11-16T18:07:16.080Z - [32minfo[39m: Start harvi
2016-11-16T18:07:16.082Z - [34mdebug[39m: Config loaded undefined
2016-11-16T18:07:16.084Z - [34mdebug[39m: 
2016-11-16T18:08:26.036Z - [32minfo[39m: Listening on port 8888
2016-11-16T18:08:26.039Z - [32minfo[39m: Init Default user
2016-11-16T18:08:26.104Z - [32minfo[39m: Start harvi
2016-11-16T18:08:26.107Z - [34mdebug[39m: Config loaded undefined
2016-11-16T18:08:26.107Z - [34mdebug[39m: 
2016-11-16T18:09:11.903Z - [32minfo[39m: Listening on port 8888
2016-11-16T18:09:11.906Z - [32minfo[39m: Init Default user
2016-11-16T18:09:12.012Z - [32minfo[39m: Start harvi
2016-11-16T18:09:12.015Z - [34mdebug[39m: Config loaded undefined
2016-11-16T18:09:12.016Z - [34mdebug[39m: 
2016-11-16T18:10:08.312Z - [32minfo[39m: Listening on port 8888
2016-11-16T18:10:08.316Z - [32minfo[39m: Init Default user
2016-11-16T18:10:08.380Z - [32minfo[39m: Start harvi
2016-11-16T18:10:08.383Z - [34mdebug[39m: Config loaded undefined
2016-11-16T18:10:08.384Z - [34mdebug[39m: 
2016-11-16T18:12:01.107Z - [32minfo[39m: Listening on port 8888
2016-11-16T18:12:01.110Z - [32minfo[39m: Init Default user
2016-11-16T18:12:01.175Z - [32minfo[39m: Start harvi
2016-11-16T18:12:01.177Z - [34mdebug[39m: Config loaded undefined
2016-11-16T18:12:01.178Z - [34mdebug[39m: 
2016-11-16T18:14:16.779Z - [32minfo[39m: Listening on port 8888
2016-11-16T18:14:16.785Z - [32minfo[39m: Init Default user
2016-11-16T18:14:16.860Z - [32minfo[39m: Start harvi
2016-11-16T18:14:16.862Z - [34mdebug[39m: Config loaded undefined
2016-11-16T18:14:16.863Z - [34mdebug[39m: 
2016-11-16T18:32:30.293Z - [32minfo[39m: Listening on port 8888
2016-11-16T18:32:30.297Z - [32minfo[39m: Init Default user
2016-11-16T18:32:30.361Z - [32minfo[39m: Start harvi
2016-11-16T18:32:30.363Z - [34mdebug[39m: Config loaded undefined
2016-11-16T18:32:30.364Z - [34mdebug[39m: 
2016-11-16T18:33:51.487Z - [32minfo[39m: Listening on port 8888
2016-11-16T18:33:51.490Z - [32minfo[39m: Init Default user
2016-11-16T18:33:51.560Z - [32minfo[39m: Start harvi
2016-11-16T18:33:51.563Z - [34mdebug[39m: Config loaded undefined
2016-11-16T18:33:51.563Z - [34mdebug[39m: 
2016-11-16T18:37:10.783Z - [32minfo[39m: Listening on port 8888
2016-11-16T18:37:10.788Z - [32minfo[39m: Init Default user
2016-11-16T18:37:10.875Z - [32minfo[39m: Start harvi
2016-11-16T18:37:10.879Z - [34mdebug[39m: Config loaded undefined
2016-11-16T18:37:10.881Z - [34mdebug[39m: 
2016-11-16T18:40:04.344Z - [32minfo[39m: Listening on port 8888
2016-11-16T18:40:04.348Z - [32minfo[39m: Init Default user
2016-11-16T18:40:04.413Z - [32minfo[39m: Start harvi
2016-11-16T18:40:04.415Z - [34mdebug[39m: Config loaded undefined
2016-11-16T18:40:04.416Z - [34mdebug[39m: 
2016-11-16T18:41:41.358Z - [32minfo[39m: Listening on port 8888
2016-11-16T18:41:41.362Z - [32minfo[39m: Init Default user
2016-11-16T18:41:41.424Z - [32minfo[39m: Start harvi
2016-11-16T18:41:41.427Z - [34mdebug[39m: Config loaded undefined
2016-11-16T18:41:41.427Z - [34mdebug[39m: 
2016-11-16T18:45:56.662Z - [32minfo[39m: Listening on port 8888
2016-11-16T18:45:56.665Z - [32minfo[39m: Init Default user
2016-11-16T18:45:56.732Z - [32minfo[39m: Start harvi
2016-11-16T18:45:56.735Z - [34mdebug[39m: Config loaded undefined
2016-11-16T18:45:56.736Z - [34mdebug[39m: 
2016-11-16T18:47:33.948Z - [32minfo[39m: Listening on port 8888
2016-11-16T18:47:33.952Z - [32minfo[39m: Init Default user
2016-11-16T18:47:34.017Z - [32minfo[39m: Start harvi
2016-11-16T18:47:34.019Z - [34mdebug[39m: Config loaded undefined
2016-11-16T18:47:34.020Z - [34mdebug[39m: 
2016-11-16T18:49:15.944Z - [32minfo[39m: Listening on port 8888
2016-11-16T18:49:15.947Z - [32minfo[39m: Init Default user
2016-11-16T18:49:16.017Z - [32minfo[39m: Start harvi
2016-11-16T18:49:16.019Z - [34mdebug[39m: Config loaded undefined
2016-11-16T18:49:16.020Z - [34mdebug[39m: 
2016-11-16T18:51:15.929Z - [32minfo[39m: Listening on port 8888
2016-11-16T18:51:15.932Z - [32minfo[39m: Init Default user
2016-11-16T18:51:15.996Z - [32minfo[39m: Start harvi
2016-11-16T18:51:15.999Z - [34mdebug[39m: Config loaded undefined
2016-11-16T18:51:15.999Z - [34mdebug[39m: 
2016-11-16T18:51:42.680Z - [32minfo[39m: Listening on port 8888
2016-11-16T18:51:42.685Z - [32minfo[39m: Init Default user
2016-11-16T18:51:42.833Z - [32minfo[39m: Start harvi
2016-11-16T18:51:42.835Z - [34mdebug[39m: Config loaded undefined
2016-11-16T18:51:42.836Z - [34mdebug[39m: 
2016-11-16T18:56:15.194Z - [32minfo[39m: Listening on port 8888
2016-11-16T18:56:15.203Z - [32minfo[39m: Init Default user
2016-11-16T18:56:15.728Z - [32minfo[39m: Start harvi
2016-11-16T18:56:15.735Z - [34mdebug[39m: Config loaded undefined
2016-11-16T18:56:15.742Z - [34mdebug[39m: 
2016-11-16T18:57:33.542Z - [32minfo[39m: Listening on port 8888
2016-11-16T18:57:33.545Z - [32minfo[39m: Init Default user
2016-11-16T18:57:33.608Z - [32minfo[39m: Start harvi
2016-11-16T18:57:33.610Z - [34mdebug[39m: Config loaded undefined
2016-11-16T18:57:33.611Z - [34mdebug[39m: 
2016-11-16T19:05:13.993Z - [32minfo[39m: Listening on port 8888
2016-11-16T19:05:13.997Z - [32minfo[39m: Init Default user
2016-11-16T19:05:14.078Z - [32minfo[39m: Start harvi
2016-11-16T19:05:14.081Z - [34mdebug[39m: Config loaded undefined
2016-11-16T19:05:14.082Z - [34mdebug[39m: 
2016-11-16T19:05:56.533Z - [32minfo[39m: Listening on port 8888
2016-11-16T19:05:56.536Z - [32minfo[39m: Init Default user
2016-11-16T19:05:56.599Z - [32minfo[39m: Start harvi
2016-11-16T19:05:56.601Z - [34mdebug[39m: Config loaded undefined
2016-11-16T19:06:19.146Z - [34mdebug[39m: 
2016-11-16T19:06:57.415Z - [32minfo[39m: Listening on port 8888
2016-11-16T19:06:57.420Z - [32minfo[39m: Init Default user
2016-11-16T19:06:57.480Z - [32minfo[39m: Start harvi
2016-11-16T19:06:57.482Z - [34mdebug[39m: Config loaded undefined
2016-11-16T19:06:57.483Z - [34mdebug[39m: 
2016-11-16T19:07:43.241Z - [32minfo[39m: Listening on port 8888
2016-11-16T19:07:43.244Z - [32minfo[39m: Init Default user
2016-11-16T19:07:59.462Z - [32minfo[39m: Start harvi
2016-11-16T19:07:59.467Z - [34mdebug[39m: Config loaded undefined
2016-11-16T19:07:59.469Z - [34mdebug[39m: 
2016-11-16T19:11:44.488Z - [32minfo[39m: Listening on port 8888
2016-11-16T19:11:44.491Z - [32minfo[39m: Init Default user
2016-11-16T19:11:59.742Z - [32minfo[39m: Start harvi
2016-11-16T19:11:59.746Z - [34mdebug[39m: Config loaded undefined
2016-11-16T19:11:59.748Z - [34mdebug[39m: 
2016-11-16T19:12:17.624Z - [32minfo[39m: Listening on port 8888
2016-11-16T19:12:17.627Z - [32minfo[39m: Init Default user
2016-11-16T19:12:45.998Z - [32minfo[39m: Start harvi
2016-11-16T19:12:46.002Z - [34mdebug[39m: Config loaded undefined
2016-11-16T19:12:46.003Z - [34mdebug[39m: 
2016-11-16T19:13:36.710Z - [32minfo[39m: Listening on port 8888
2016-11-16T19:13:36.713Z - [32minfo[39m: Init Default user
2016-11-16T19:13:36.807Z - [32minfo[39m: Start harvi
2016-11-16T19:13:36.810Z - [34mdebug[39m: Config loaded undefined
2016-11-16T19:13:36.811Z - [34mdebug[39m: 
2016-11-16T19:14:47.234Z - [32minfo[39m: Listening on port 8888
2016-11-16T19:14:47.237Z - [32minfo[39m: Init Default user
2016-11-16T19:14:47.300Z - [32minfo[39m: Start harvi
2016-11-16T19:14:47.304Z - [34mdebug[39m: Config loaded undefined
2016-11-16T19:14:47.305Z - [34mdebug[39m: 
2016-11-16T19:15:25.828Z - [32minfo[39m: Listening on port 8888
2016-11-16T19:15:25.831Z - [32minfo[39m: Init Default user
2016-11-16T19:15:25.895Z - [32minfo[39m: Start harvi
2016-11-16T19:15:25.899Z - [34mdebug[39m: Config loaded undefined
2016-11-16T19:15:25.900Z - [34mdebug[39m: 
2016-11-16T19:16:11.830Z - [32minfo[39m: Listening on port 8888
2016-11-16T19:16:11.833Z - [32minfo[39m: Init Default user
2016-11-16T19:16:11.902Z - [32minfo[39m: Start harvi
2016-11-16T19:16:11.904Z - [34mdebug[39m: Config loaded undefined
2016-11-16T19:16:11.905Z - [34mdebug[39m: 
2016-11-16T19:16:51.885Z - [32minfo[39m: Listening on port 8888
2016-11-16T19:16:51.888Z - [32minfo[39m: Init Default user
2016-11-16T19:16:51.956Z - [32minfo[39m: Start harvi
2016-11-16T19:16:51.959Z - [34mdebug[39m: Config loaded undefined
2016-11-16T19:16:51.960Z - [34mdebug[39m: 
2016-11-16T19:17:43.768Z - [32minfo[39m: Listening on port 8888
2016-11-16T19:17:43.772Z - [32minfo[39m: Init Default user
2016-11-16T19:17:43.772Z - [32minfo[39m: Start harvi
2016-11-16T19:17:43.776Z - [34mdebug[39m: Config loaded undefined
2016-11-16T19:17:43.778Z - [34mdebug[39m: 
2016-11-16T19:18:43.521Z - [32minfo[39m: Listening on port 8888
2016-11-16T19:18:43.526Z - [34mdebug[39m: Init Default user
2016-11-16T19:18:43.527Z - [34mdebug[39m: Start harvi
2016-11-16T19:18:43.528Z - [34mdebug[39m: Config loaded undefined
2016-11-16T19:18:43.529Z - [34mdebug[39m: 
2016-11-16T19:20:21.894Z - [32minfo[39m: Listening on port 8888
2016-11-16T19:20:21.902Z - [34mdebug[39m: Init Default user
2016-11-16T19:20:28.009Z - [34mdebug[39m: Start harvi
2016-11-16T19:20:28.011Z - [34mdebug[39m: Config loaded undefined
2016-11-16T19:20:28.012Z - [34mdebug[39m: 
2016-11-16T19:54:11.781Z - [34mdebug[39m: Listening on port 8888
2016-11-16T19:54:11.785Z - [34mdebug[39m: Init Default user
2016-11-16T19:54:39.440Z - [34mdebug[39m: Start harvi
2016-11-16T19:54:39.443Z - [34mdebug[39m: Config loaded undefined
2016-11-16T19:54:39.444Z - [34mdebug[39m: 
2016-11-16T19:56:57.219Z - [34mdebug[39m: Listening on port 8888
2016-11-16T19:56:57.222Z - [34mdebug[39m: Init Default user
2016-11-16T19:56:57.280Z - [34mdebug[39m: Start harvi
2016-11-16T19:56:57.282Z - [34mdebug[39m: Config loaded undefined
2016-11-16T19:56:57.283Z - [34mdebug[39m: 
2016-11-16T19:57:36.527Z - [34mdebug[39m: Listening on port 8888
2016-11-16T19:57:36.530Z - [34mdebug[39m: Init Default user
2016-11-16T19:57:36.588Z - [34mdebug[39m: Start harvi
2016-11-16T19:57:36.591Z - [34mdebug[39m: Config loaded undefined
2016-11-16T19:57:36.592Z - [34mdebug[39m: 
2016-11-16T19:57:54.938Z - [34mdebug[39m: Listening on port 8888
2016-11-16T19:57:54.941Z - [34mdebug[39m: Init Default user
2016-11-16T19:58:00.052Z - [34mdebug[39m: Start harvi
2016-11-16T19:58:00.055Z - [34mdebug[39m: Config loaded undefined
2016-11-16T19:58:00.056Z - [34mdebug[39m: 
2016-11-16T19:58:26.414Z - [34mdebug[39m: Listening on port 8888
2016-11-16T19:58:26.418Z - [34mdebug[39m: Init Default user
2016-11-16T19:58:32.672Z - [34mdebug[39m: Start harvi
2016-11-16T19:58:32.675Z - [34mdebug[39m: Config loaded undefined
2016-11-16T19:58:32.676Z - [34mdebug[39m: 
2016-11-16T19:58:54.525Z - [34mdebug[39m: Listening on port 8888
2016-11-16T19:58:54.528Z - [34mdebug[39m: Init Default user
2016-11-16T19:58:54.650Z - [34mdebug[39m: Start harvi
2016-11-16T19:58:54.652Z - [34mdebug[39m: Config loaded undefined
2016-11-16T19:58:54.653Z - [34mdebug[39m: 
2016-11-16T19:59:10.105Z - [34mdebug[39m: Listening on port 8888
2016-11-16T19:59:10.109Z - [34mdebug[39m: Init Default user
2016-11-16T19:59:10.180Z - [34mdebug[39m: Start harvi
2016-11-16T19:59:10.181Z - [34mdebug[39m: Config loaded undefined
2016-11-16T19:59:10.182Z - [34mdebug[39m: 
2016-11-16T20:10:19.562Z - [34mdebug[39m: Listening on port 8888
2016-11-16T20:10:19.566Z - [34mdebug[39m: Init Default user
2016-11-16T20:10:19.629Z - [34mdebug[39m: Start harvi
2016-11-16T20:10:19.631Z - [34mdebug[39m: Config loaded undefined
2016-11-16T20:10:19.632Z - [34mdebug[39m: 
2016-11-16T20:11:00.932Z - [34mdebug[39m: Listening on port 8888
2016-11-16T20:11:00.940Z - [34mdebug[39m: Init Default user
2016-11-16T20:11:01.003Z - [34mdebug[39m: Start harvi
2016-11-16T20:11:01.005Z - [34mdebug[39m: Config loaded undefined
2016-11-16T20:11:01.006Z - [34mdebug[39m: 
2016-11-16T20:11:27.761Z - [34mdebug[39m: Listening on port 8888
2016-11-16T20:11:27.764Z - [34mdebug[39m: Init Default user
2016-11-16T20:11:27.764Z - [34mdebug[39m: Start harvi
2016-11-16T20:11:27.765Z - [34mdebug[39m: Config loaded undefined
2016-11-16T20:11:27.766Z - [34mdebug[39m: 
2016-11-16T20:11:54.598Z - [34mdebug[39m: Listening on port 8888
2016-11-16T20:11:54.601Z - [34mdebug[39m: Init Default user
2016-11-16T20:11:54.601Z - [34mdebug[39m: Start harvi
2016-11-16T20:11:54.602Z - [34mdebug[39m: Config loaded undefined
2016-11-16T20:11:54.603Z - [34mdebug[39m: 
2016-11-16T20:12:23.751Z - [34mdebug[39m: Listening on port 8888
2016-11-16T20:12:23.754Z - [34mdebug[39m: Init Default user
2016-11-16T20:12:23.754Z - [34mdebug[39m: Start harvi
2016-11-16T20:12:23.755Z - [34mdebug[39m: Config loaded undefined
2016-11-16T20:12:23.756Z - [34mdebug[39m: 
2016-11-16T20:12:48.579Z - [34mdebug[39m: Listening on port 8888
2016-11-16T20:12:48.582Z - [34mdebug[39m: Init Default user
2016-11-16T20:12:48.643Z - [34mdebug[39m: Start harvi
2016-11-16T20:12:48.644Z - [34mdebug[39m: Config loaded undefined
2016-11-16T20:12:48.645Z - [34mdebug[39m: 
2016-11-16T20:14:26.325Z - [34mdebug[39m: Listening on port 8888
2016-11-16T20:14:26.328Z - [34mdebug[39m: Init Default user
2016-11-16T20:14:31.543Z - [34mdebug[39m: Start harvi
2016-11-16T20:14:31.545Z - [34mdebug[39m: Config loaded undefined
2016-11-16T20:14:31.547Z - [34mdebug[39m: 
2016-11-16T20:15:40.292Z - [34mdebug[39m: Listening on port 8888
2016-11-16T20:15:40.295Z - [34mdebug[39m: Init Default user
2016-11-16T20:15:40.365Z - [34mdebug[39m: Start harvi
2016-11-16T20:15:40.367Z - [34mdebug[39m: Config loaded undefined
2016-11-16T20:15:40.368Z - [34mdebug[39m: 
2016-11-16T20:17:46.960Z - [34mdebug[39m: Listening on port 8888
2016-11-16T20:17:46.962Z - [34mdebug[39m: Init Default user
2016-11-16T20:17:47.026Z - [34mdebug[39m: Start harvi
2016-11-16T20:17:47.028Z - [34mdebug[39m: Config loaded undefined
2016-11-16T20:17:47.029Z - [34mdebug[39m: 
2016-11-16T20:18:04.276Z - [34mdebug[39m: Listening on port 8888
2016-11-16T20:18:04.279Z - [34mdebug[39m: Start harvi
2016-11-16T20:18:04.281Z - [34mdebug[39m: Config loaded undefined
2016-11-16T20:18:04.282Z - [34mdebug[39m: 
